<?xml version="1.0" encoding="UTF-8"?>
<!-- Generated by org.testng.reporters.JUnitReportReporter -->
<testsuite hostname="CHL00034" failures="0" tests="2" name="test.java.com.test.suite.ContactTester" time="1.473" errors="0" timestamp="2023-11-09T13:39:17 CET" skipped="0">
  <testcase classname="test.java.com.test.suite.ContactTester" name="testContactPage" time="0.903"/>
  <system-out/>
  <testcase classname="test.java.com.test.suite.ContactTester" name="scrollDownPageWithSpeed" time="0.570"/>
  <system-out/>
</testsuite> <!-- test.java.com.test.suite.ContactTester -->
