<?xml version="1.0" encoding="UTF-8"?>
<!-- Generated by org.testng.reporters.JUnitReportReporter -->
<testsuite hostname="CHL00034" failures="0" tests="2" name="com.test.suite.JoinUsTester" time="1.788" errors="0" timestamp="2023-11-02T15:25:40 CET" skipped="0">
  <testcase classname="com.test.suite.JoinUsTester" name="testJoinUsPage" time="1.147"/>
  <system-out/>
  <testcase classname="com.test.suite.JoinUsTester" name="scrollDownPageWithSpeed" time="0.641"/>
  <system-out/>
</testsuite> <!-- com.test.suite.JoinUsTester -->
