<?xml version="1.0" encoding="UTF-8"?>
<!-- Generated by org.testng.reporters.JUnitReportReporter -->
<testsuite hostname="CHL00034" failures="0" tests="2" name="test.java.com.test.suite.JoinUsTester" time="1.421" errors="0" timestamp="2023-11-09T13:39:17 CET" skipped="0">
  <testcase classname="test.java.com.test.suite.JoinUsTester" name="scrollDownPageWithSpeed" time="0.585"/>
  <system-out/>
  <testcase classname="test.java.com.test.suite.JoinUsTester" name="testJoinUsPage" time="0.836"/>
  <system-out/>
</testsuite> <!-- test.java.com.test.suite.JoinUsTester -->
