<?xml version="1.0" encoding="UTF-8"?>
<!-- Generated by org.testng.reporters.JUnitReportReporter -->
<testsuite hostname="CHL00034" failures="0" tests="1" name="ServiceTester" time="1.041" errors="0" timestamp="2023-10-31T14:31:54 CET" skipped="0">
  <testcase classname="ServiceTester" name="testServicePage" time="1.041"/>
  <system-out/>
</testsuite> <!-- ServiceTester -->
