<?xml version="1.0" encoding="UTF-8"?>
<!-- Generated by org.testng.reporters.JUnitReportReporter -->
<testsuite hostname="CHL00034" failures="0" tests="2" name="test.java.com.test.suite.ServiceTester" time="1.469" errors="0" timestamp="2023-11-09T13:39:17 CET" skipped="0">
  <testcase classname="test.java.com.test.suite.ServiceTester" name="testServicePage" time="0.861"/>
  <system-out/>
  <testcase classname="test.java.com.test.suite.ServiceTester" name="scrollDownPageWithSpeed" time="0.608"/>
  <system-out/>
</testsuite> <!-- test.java.com.test.suite.ServiceTester -->
