<?xml version="1.0" encoding="UTF-8"?>
<!-- Generated by org.testng.reporters.JUnitReportReporter -->
<testsuite hostname="CHL00034" failures="0" tests="2" name="com.test.suite.HomePageTester" time="0.688" errors="0" timestamp="2023-11-02T15:25:40 CET" skipped="0">
  <testcase classname="com.test.suite.HomePageTester" name="scrollDownPageWithSpeed" time="0.627"/>
  <system-out/>
  <testcase classname="com.test.suite.HomePageTester" name="testHomePage" time="0.061"/>
  <system-out/>
</testsuite> <!-- com.test.suite.HomePageTester -->
