<?xml version="1.0" encoding="UTF-8"?>
<!-- Generated by org.testng.reporters.JUnitReportReporter -->
<testsuite hostname="CHL00034" failures="0" tests="1" name="JoinUsTester" time="0.989" errors="0" timestamp="2023-10-31T14:34:25 CET" skipped="0">
  <testcase classname="JoinUsTester" name="testServicePage" time="0.989"/>
  <system-out/>
</testsuite> <!-- JoinUsTester -->
