<?xml version="1.0" encoding="UTF-8"?>
<!-- Generated by org.testng.reporters.JUnitReportReporter -->
<testsuite hostname="CHL00034" failures="0" tests="2" name="com.test.suite.ServiceTester" time="1.545" errors="0" timestamp="2023-11-01T12:04:21 CET" skipped="0">
  <testcase classname="com.test.suite.ServiceTester" name="testServicePage" time="0.962"/>
  <system-out/>
  <testcase classname="com.test.suite.ServiceTester" name="scrollDownPageWithSpeed" time="0.583"/>
  <system-out/>
</testsuite> <!-- com.test.suite.ServiceTester -->
