<?xml version="1.0" encoding="UTF-8"?>
<!-- Generated by org.testng.reporters.JUnitReportReporter -->
<testsuite hostname="CHL00034" failures="0" tests="2" name="com.test.suite.ContactTester" time="1.580" errors="0" timestamp="2023-11-02T15:25:40 CET" skipped="0">
  <testcase classname="com.test.suite.ContactTester" name="scrollDownPageWithSpeed" time="0.668"/>
  <system-out/>
  <testcase classname="com.test.suite.ContactTester" name="testContactPage" time="0.912"/>
  <system-out/>
</testsuite> <!-- com.test.suite.ContactTester -->
