<?xml version="1.0" encoding="UTF-8"?>
<!-- Generated by org.testng.reporters.JUnitReportReporter -->
<testsuite hostname="CHL00034" failures="0" tests="2" name="com.test.suite.JoinUsTester" time="1.346" errors="0" timestamp="2023-11-01T12:04:21 CET" skipped="0">
  <testcase classname="com.test.suite.JoinUsTester" name="scrollDownPageWithSpeed" time="0.572"/>
  <system-out/>
  <testcase classname="com.test.suite.JoinUsTester" name="testJoinUsPage" time="0.774"/>
  <system-out/>
</testsuite> <!-- com.test.suite.JoinUsTester -->
