<?xml version="1.0" encoding="UTF-8"?>
<!-- Generated by org.testng.reporters.JUnitReportReporter -->
<testsuite hostname="CHL00034" failures="0" tests="1" name="HomePageTester" time="0.089" errors="0" timestamp="2023-10-31T12:47:46 CET" skipped="0">
  <testcase classname="HomePageTester" name="testWelcomeText" time="0.089"/>
  <system-out/>
</testsuite> <!-- HomePageTester -->
