<?xml version="1.0" encoding="UTF-8"?>
<!-- Generated by org.testng.reporters.JUnitReportReporter -->
<testsuite hostname="CHL00034" failures="0" tests="2" name="com.test.suite.HomePageTester" time="0.657" errors="0" timestamp="2023-11-01T12:04:21 CET" skipped="0">
  <testcase classname="com.test.suite.HomePageTester" name="scrollDownPageWithSpeed" time="0.593"/>
  <system-out/>
  <testcase classname="com.test.suite.HomePageTester" name="testHomePage" time="0.064"/>
  <system-out/>
</testsuite> <!-- com.test.suite.HomePageTester -->
